2019-11-05 09:53:43,628: INFO : form response: {'model_type': 'lgb', 'month': '201910', 'version': '0.0.3'}
2019-11-05 09:53:43,631: INFO : model type: lgb
2019-11-05 09:53:44,447: ERROR : Exception on /api/model/trainv003 [POST]
Traceback (most recent call last):
  File "C:\Users\khanhpd2\AppData\Local\Continuum\anaconda3\lib\site-packages\flask\app.py", line 2311, in wsgi_app
    response = self.full_dispatch_request()
  File "C:\Users\khanhpd2\AppData\Local\Continuum\anaconda3\lib\site-packages\flask\app.py", line 1834, in full_dispatch_request
    rv = self.handle_user_exception(e)
  File "C:\Users\khanhpd2\AppData\Local\Continuum\anaconda3\lib\site-packages\flask_restful\__init__.py", line 269, in error_router
    return original_handler(e)
  File "C:\Users\khanhpd2\AppData\Local\Continuum\anaconda3\lib\site-packages\flask\app.py", line 1737, in handle_user_exception
    reraise(exc_type, exc_value, tb)
  File "C:\Users\khanhpd2\AppData\Local\Continuum\anaconda3\lib\site-packages\flask\_compat.py", line 36, in reraise
    raise value
  File "C:\Users\khanhpd2\AppData\Local\Continuum\anaconda3\lib\site-packages\flask\app.py", line 1832, in full_dispatch_request
    rv = self.dispatch_request()
  File "C:\Users\khanhpd2\AppData\Local\Continuum\anaconda3\lib\site-packages\flask\app.py", line 1818, in dispatch_request
    return self.view_functions[rule.endpoint](**req.view_args)
  File "Y:/3.KCN/A Khanh/CorrectSpelling/CorrectSpelling_0.0.2_20190313/GitBucket/adayroi-speculation-detection-api-feature_0.0.3/main.py", line 230, in _train_model_window_1D
    df1M = preprocessing2.preprocess_order_1M(hp.previous_30_days, hp.today)
  File "Y:\3.KCN\A Khanh\CorrectSpelling\CorrectSpelling_0.0.2_20190313\GitBucket\adayroi-speculation-detection-api-feature_0.0.3\preprocessing2.py", line 582, in preprocess_order_1M
    dfTrainSel_dummy = preprocess_order_oneday(orderDate, is_train = True)
  File "Y:\3.KCN\A Khanh\CorrectSpelling\CorrectSpelling_0.0.2_20190313\GitBucket\adayroi-speculation-detection-api-feature_0.0.3\preprocessing2.py", line 24, in preprocess_order_oneday
    df201906 = utils._getAllOrder1MTraining(previous_30_days, nextcreateday)
  File "Y:\3.KCN\A Khanh\CorrectSpelling\CorrectSpelling_0.0.2_20190313\GitBucket\adayroi-speculation-detection-api-feature_0.0.3\utils.py", line 71, in _getAllOrder1MTraining
    with cx_Oracle.connect(hp.constring) as cnxn:
cx_Oracle.OperationalError: ORA-01034: ORACLE not available
ORA-27102: out of memory
Linux-x86_64 Error: 12: Cannot allocate memory
Additional information: 2673
Additional information: 177373191
Additional information: 1677721600
Process ID: 0
Session ID: 0 Serial number: 0
2019-11-05 10:28:35,809: INFO : form response: {'model_type': 'lgb', 'month': '201910', 'version': '0.0.3'}
2019-11-05 10:28:35,814: INFO : model type: lgb
2019-11-05 10:28:41,813: INFO : df201906 shape: (48872, 48)
2019-11-05 10:28:42,882: INFO : orderids_today length: 318
2019-11-05 10:28:42,884: INFO : 0. Time execution on load all orders in month: 0:00:07.066867, df201906 shape: (48872, 52)
2019-11-05 10:28:47,410: INFO : 1. time of loading data: Time summary Order: 0:00:04.524557
2019-11-05 10:28:47,803: INFO : 1. time of loading data: Time count IP Order: 0:00:04.917555
2019-11-05 10:28:48,079: INFO : 1. time of loading data: Time count Phone Order: 0:00:00.225999
2019-11-05 10:28:48,252: INFO : 1. time of loading data: Time count VinID Order: 0:00:00.122999
2019-11-05 10:28:48,730: INFO : 1. time of loading data: Time update transaction IP: 0:00:00.427995
2019-11-05 10:28:48,903: INFO : 1. time of loading data: Time Update these other (email, affpartner, affsource): 0:00:00.170014
2019-11-05 10:28:49,144: INFO : time execute date 20191001: 0:00:13.327422
2019-11-05 10:28:56,688: INFO : df201906 shape: (49224, 48)
2019-11-05 10:28:57,697: INFO : orderids_today length: 315
2019-11-05 10:28:57,698: INFO : 0. Time execution on load all orders in month: 0:00:08.552480, df201906 shape: (49224, 52)
2019-11-05 10:29:02,476: INFO : 1. time of loading data: Time summary Order: 0:00:04.776132
2019-11-05 10:29:02,885: INFO : 1. time of loading data: Time count IP Order: 0:00:05.184680
2019-11-05 10:29:03,176: INFO : 1. time of loading data: Time count Phone Order: 0:00:00.239999
2019-11-05 10:29:03,359: INFO : 1. time of loading data: Time count VinID Order: 0:00:00.132000
2019-11-05 10:29:03,906: INFO : 1. time of loading data: Time update transaction IP: 0:00:00.494997
2019-11-05 10:29:04,079: INFO : 1. time of loading data: Time Update these other (email, affpartner, affsource): 0:00:00.171999
2019-11-05 10:29:04,321: INFO : time execute date 20191002: 0:00:15.175148
2019-11-05 10:29:13,371: INFO : df201906 shape: (48808, 48)
2019-11-05 10:29:14,469: INFO : orderids_today length: 357
2019-11-05 10:29:14,482: INFO : 0. Time execution on load all orders in month: 0:00:10.159647, df201906 shape: (48808, 52)
2019-11-05 10:29:19,223: INFO : 1. time of loading data: Time summary Order: 0:00:04.738982
2019-11-05 10:29:19,636: INFO : 1. time of loading data: Time count IP Order: 0:00:05.152535
2019-11-05 10:29:19,972: INFO : 1. time of loading data: Time count Phone Order: 0:00:00.281997
2019-11-05 10:29:20,154: INFO : 1. time of loading data: Time count VinID Order: 0:00:00.130997
2019-11-05 10:29:20,683: INFO : 1. time of loading data: Time update transaction IP: 0:00:00.476033
2019-11-05 10:29:20,855: INFO : 1. time of loading data: Time Update these other (email, affpartner, affsource): 0:00:00.170000
2019-11-05 10:29:21,100: INFO : time execute date 20191003: 0:00:16.778209
2019-11-05 10:29:27,542: INFO : df201906 shape: (47062, 48)
2019-11-05 10:29:28,528: INFO : orderids_today length: 417
2019-11-05 10:29:28,530: INFO : 0. Time execution on load all orders in month: 0:00:07.427574, df201906 shape: (47062, 52)
2019-11-05 10:29:32,885: INFO : 1. time of loading data: Time summary Order: 0:00:04.353995
2019-11-05 10:29:33,317: INFO : 1. time of loading data: Time count IP Order: 0:00:04.786535
2019-11-05 10:29:33,619: INFO : 1. time of loading data: Time count Phone Order: 0:00:00.244039
2019-11-05 10:29:33,810: INFO : 1. time of loading data: Time count VinID Order: 0:00:00.135999
2019-11-05 10:29:34,281: INFO : 1. time of loading data: Time update transaction IP: 0:00:00.419037
2019-11-05 10:29:34,467: INFO : 1. time of loading data: Time Update these other (email, affpartner, affsource): 0:00:00.184996
2019-11-05 10:29:34,703: INFO : time execute date 20191004: 0:00:13.601180
2019-11-05 10:29:41,022: INFO : df201906 shape: (45525, 48)
2019-11-05 10:29:41,927: INFO : orderids_today length: 217
2019-11-05 10:29:41,929: INFO : 0. Time execution on load all orders in month: 0:00:07.224627, df201906 shape: (45525, 52)
2019-11-05 10:29:46,226: INFO : 1. time of loading data: Time summary Order: 0:00:04.295969
2019-11-05 10:29:46,657: INFO : 1. time of loading data: Time count IP Order: 0:00:04.726962
2019-11-05 10:29:46,942: INFO : 1. time of loading data: Time count Phone Order: 0:00:00.232998
2019-11-05 10:29:47,128: INFO : 1. time of loading data: Time count VinID Order: 0:00:00.131998
2019-11-05 10:29:47,604: INFO : 1. time of loading data: Time update transaction IP: 0:00:00.422994
2019-11-05 10:29:47,776: INFO : 1. time of loading data: Time Update these other (email, affpartner, affsource): 0:00:00.170999
2019-11-05 10:29:48,008: INFO : time execute date 20191005: 0:00:13.303579
2019-11-05 10:29:53,791: INFO : df201906 shape: (41936, 48)
2019-11-05 10:29:54,624: INFO : orderids_today length: 205
2019-11-05 10:29:54,625: INFO : 0. Time execution on load all orders in month: 0:00:06.614733, df201906 shape: (41936, 52)
2019-11-05 10:29:58,406: INFO : 1. time of loading data: Time summary Order: 0:00:03.780488
2019-11-05 10:29:58,807: INFO : 1. time of loading data: Time count IP Order: 0:00:04.181494
2019-11-05 10:29:59,070: INFO : 1. time of loading data: Time count Phone Order: 0:00:00.210999
2019-11-05 10:29:59,247: INFO : 1. time of loading data: Time count VinID Order: 0:00:00.124000
2019-11-05 10:29:59,686: INFO : 1. time of loading data: Time update transaction IP: 0:00:00.385996
2019-11-05 10:29:59,844: INFO : 1. time of loading data: Time Update these other (email, affpartner, affsource): 0:00:00.156024
2019-11-05 10:30:00,059: INFO : time execute date 20191006: 0:00:12.049239
2019-11-05 10:30:07,035: INFO : df201906 shape: (40320, 48)
2019-11-05 10:30:07,890: INFO : orderids_today length: 316
2019-11-05 10:30:07,893: INFO : 0. Time execution on load all orders in month: 0:00:07.832039, df201906 shape: (40320, 52)
2019-11-05 10:30:11,776: INFO : 1. time of loading data: Time summary Order: 0:00:03.880591
2019-11-05 10:30:12,183: INFO : 1. time of loading data: Time count IP Order: 0:00:04.287727
2019-11-05 10:30:12,467: INFO : 1. time of loading data: Time count Phone Order: 0:00:00.229999
2019-11-05 10:30:12,657: INFO : 1. time of loading data: Time count VinID Order: 0:00:00.136002
2019-11-05 10:30:13,088: INFO : 1. time of loading data: Time update transaction IP: 0:00:00.375996
2019-11-05 10:30:13,252: INFO : 1. time of loading data: Time Update these other (email, affpartner, affsource): 0:00:00.161078
2019-11-05 10:30:13,471: INFO : time execute date 20191007: 0:00:13.410835
2019-11-05 10:30:18,633: INFO : df201906 shape: (40067, 48)
2019-11-05 10:30:19,440: INFO : orderids_today length: 186
2019-11-05 10:30:19,441: INFO : 0. Time execution on load all orders in month: 0:00:05.969416, df201906 shape: (40067, 52)
2019-11-05 10:30:23,107: INFO : 1. time of loading data: Time summary Order: 0:00:03.663710
2019-11-05 10:30:23,511: INFO : 1. time of loading data: Time count IP Order: 0:00:04.067974
2019-11-05 10:30:23,774: INFO : 1. time of loading data: Time count Phone Order: 0:00:00.208999
2019-11-05 10:30:23,941: INFO : 1. time of loading data: Time count VinID Order: 0:00:00.115830
2019-11-05 10:30:24,377: INFO : 1. time of loading data: Time update transaction IP: 0:00:00.382238
2019-11-05 10:30:24,532: INFO : 1. time of loading data: Time Update these other (email, affpartner, affsource): 0:00:00.153959
2019-11-05 10:30:24,751: INFO : time execute date 20191008: 0:00:11.278570
2019-11-05 10:30:29,921: INFO : df201906 shape: (40031, 48)
2019-11-05 10:30:30,752: INFO : orderids_today length: 199
2019-11-05 10:30:30,754: INFO : 0. Time execution on load all orders in month: 0:00:06.000456, df201906 shape: (40031, 52)
2019-11-05 10:30:34,435: INFO : 1. time of loading data: Time summary Order: 0:00:03.679543
2019-11-05 10:30:34,845: INFO : 1. time of loading data: Time count IP Order: 0:00:04.089549
2019-11-05 10:30:35,098: INFO : 1. time of loading data: Time count Phone Order: 0:00:00.200998
2019-11-05 10:30:35,268: INFO : 1. time of loading data: Time count VinID Order: 0:00:00.115998
2019-11-05 10:30:35,701: INFO : 1. time of loading data: Time update transaction IP: 0:00:00.380992
2019-11-05 10:30:35,848: INFO : 1. time of loading data: Time Update these other (email, affpartner, affsource): 0:00:00.146218
2019-11-05 10:30:36,043: INFO : time execute date 20191009: 0:00:11.290208
2019-11-05 10:30:40,307: INFO : df201906 shape: (38417, 48)
2019-11-05 10:30:41,070: INFO : orderids_today length: 200
2019-11-05 10:30:41,072: INFO : 0. Time execution on load all orders in month: 0:00:05.026952, df201906 shape: (38417, 52)
2019-11-05 10:30:44,553: INFO : 1. time of loading data: Time summary Order: 0:00:03.480495
2019-11-05 10:30:44,978: INFO : 1. time of loading data: Time count IP Order: 0:00:03.905493
2019-11-05 10:30:45,232: INFO : 1. time of loading data: Time count Phone Order: 0:00:00.198998
2019-11-05 10:30:45,408: INFO : 1. time of loading data: Time count VinID Order: 0:00:00.122000
2019-11-05 10:30:45,855: INFO : 1. time of loading data: Time update transaction IP: 0:00:00.395009
2019-11-05 10:30:45,997: INFO : 1. time of loading data: Time Update these other (email, affpartner, affsource): 0:00:00.141001
2019-11-05 10:30:46,200: INFO : time execute date 20191010: 0:00:10.155447
2019-11-05 10:30:50,594: INFO : df201906 shape: (36796, 48)
2019-11-05 10:30:51,339: INFO : orderids_today length: 322
2019-11-05 10:30:51,341: INFO : 0. Time execution on load all orders in month: 0:00:05.138952, df201906 shape: (36796, 52)
2019-11-05 10:30:54,502: INFO : 1. time of loading data: Time summary Order: 0:00:03.160008
2019-11-05 10:30:54,953: INFO : 1. time of loading data: Time count IP Order: 0:00:03.611024
2019-11-05 10:30:55,232: INFO : 1. time of loading data: Time count Phone Order: 0:00:00.225000
2019-11-05 10:30:55,418: INFO : 1. time of loading data: Time count VinID Order: 0:00:00.125016
2019-11-05 10:30:55,843: INFO : 1. time of loading data: Time update transaction IP: 0:00:00.368012
2019-11-05 10:30:55,979: INFO : 1. time of loading data: Time Update these other (email, affpartner, affsource): 0:00:00.134999
2019-11-05 10:30:56,155: INFO : time execute date 20191011: 0:00:09.952997
2019-11-05 10:31:00,860: INFO : df201906 shape: (36185, 48)
2019-11-05 10:31:01,607: INFO : orderids_today length: 102
2019-11-05 10:31:01,609: INFO : 0. Time execution on load all orders in month: 0:00:05.452796, df201906 shape: (36185, 52)
2019-11-05 10:31:04,755: INFO : 1. time of loading data: Time summary Order: 0:00:03.145023
2019-11-05 10:31:05,151: INFO : 1. time of loading data: Time count IP Order: 0:00:03.541019
2019-11-05 10:31:05,436: INFO : 1. time of loading data: Time count Phone Order: 0:00:00.231999
2019-11-05 10:31:05,611: INFO : 1. time of loading data: Time count VinID Order: 0:00:00.120001
2019-11-05 10:31:06,014: INFO : 1. time of loading data: Time update transaction IP: 0:00:00.348996
2019-11-05 10:31:06,159: INFO : 1. time of loading data: Time Update these other (email, affpartner, affsource): 0:00:00.143997
2019-11-05 10:31:06,333: INFO : time execute date 20191012: 0:00:10.176804
2019-11-05 10:31:11,730: INFO : df201906 shape: (35166, 48)
2019-11-05 10:31:12,436: INFO : orderids_today length: 44
2019-11-05 10:31:12,437: INFO : 0. Time execution on load all orders in month: 0:00:06.102095, df201906 shape: (35166, 52)
2019-11-05 10:31:15,555: INFO : 1. time of loading data: Time summary Order: 0:00:03.115971
2019-11-05 10:31:15,938: INFO : 1. time of loading data: Time count IP Order: 0:00:03.498967
2019-11-05 10:31:16,174: INFO : 1. time of loading data: Time count Phone Order: 0:00:00.185001
2019-11-05 10:31:16,354: INFO : 1. time of loading data: Time count VinID Order: 0:00:00.120000
2019-11-05 10:31:16,735: INFO : 1. time of loading data: Time update transaction IP: 0:00:00.332029
2019-11-05 10:31:16,865: INFO : 1. time of loading data: Time Update these other (email, affpartner, affsource): 0:00:00.128002
2019-11-05 10:31:17,031: INFO : time execute date 20191013: 0:00:10.696083
2019-11-05 10:31:20,991: INFO : df201906 shape: (34053, 48)
2019-11-05 10:31:21,709: INFO : orderids_today length: 151
2019-11-05 10:31:21,710: INFO : 0. Time execution on load all orders in month: 0:00:04.677112, df201906 shape: (34053, 52)
2019-11-05 10:31:24,689: INFO : 1. time of loading data: Time summary Order: 0:00:02.977517
2019-11-05 10:31:25,094: INFO : 1. time of loading data: Time count IP Order: 0:00:03.382513
2019-11-05 10:31:25,331: INFO : 1. time of loading data: Time count Phone Order: 0:00:00.186026
2019-11-05 10:31:25,506: INFO : 1. time of loading data: Time count VinID Order: 0:00:00.108997
2019-11-05 10:31:25,885: INFO : 1. time of loading data: Time update transaction IP: 0:00:00.327551
2019-11-05 10:31:26,033: INFO : 1. time of loading data: Time Update these other (email, affpartner, affsource): 0:00:00.146999
2019-11-05 10:31:26,212: INFO : time execute date 20191014: 0:00:09.179192
2019-11-05 10:31:29,957: INFO : df201906 shape: (33511, 48)
2019-11-05 10:31:30,641: INFO : orderids_today length: 161
2019-11-05 10:31:30,643: INFO : 0. Time execution on load all orders in month: 0:00:04.429192, df201906 shape: (33511, 52)
2019-11-05 10:31:33,652: INFO : 1. time of loading data: Time summary Order: 0:00:03.005982
2019-11-05 10:31:34,173: INFO : 1. time of loading data: Time count IP Order: 0:00:03.526978
2019-11-05 10:31:34,462: INFO : 1. time of loading data: Time count Phone Order: 0:00:00.236999
2019-11-05 10:31:34,745: INFO : 1. time of loading data: Time count VinID Order: 0:00:00.137000
2019-11-05 10:31:35,308: INFO : 1. time of loading data: Time update transaction IP: 0:00:00.422035
2019-11-05 10:31:35,536: INFO : 1. time of loading data: Time Update these other (email, affpartner, affsource): 0:00:00.154997
2019-11-05 10:31:35,769: INFO : time execute date 20191015: 0:00:09.555196
2019-11-05 10:31:40,212: INFO : df201906 shape: (33377, 48)
2019-11-05 10:31:40,938: INFO : orderids_today length: 158
2019-11-05 10:31:40,939: INFO : 0. Time execution on load all orders in month: 0:00:05.096665, df201906 shape: (33377, 52)
2019-11-05 10:31:43,807: INFO : 1. time of loading data: Time summary Order: 0:00:02.864493
2019-11-05 10:31:44,203: INFO : 1. time of loading data: Time count IP Order: 0:00:03.260487
2019-11-05 10:31:44,458: INFO : 1. time of loading data: Time count Phone Order: 0:00:00.201999
2019-11-05 10:31:44,611: INFO : 1. time of loading data: Time count VinID Order: 0:00:00.101000
2019-11-05 10:31:44,989: INFO : 1. time of loading data: Time update transaction IP: 0:00:00.325995
2019-11-05 10:31:45,118: INFO : 1. time of loading data: Time Update these other (email, affpartner, affsource): 0:00:00.128001
2019-11-05 10:31:45,279: INFO : time execute date 20191016: 0:00:09.436142
2019-11-05 10:31:48,904: INFO : df201906 shape: (32451, 48)
2019-11-05 10:31:49,551: INFO : orderids_today length: 69
2019-11-05 10:31:49,552: INFO : 0. Time execution on load all orders in month: 0:00:04.270868, df201906 shape: (32451, 52)
2019-11-05 10:31:52,477: INFO : 1. time of loading data: Time summary Order: 0:00:02.923003
2019-11-05 10:31:52,871: INFO : 1. time of loading data: Time count IP Order: 0:00:03.316998
2019-11-05 10:31:53,136: INFO : 1. time of loading data: Time count Phone Order: 0:00:00.203997
2019-11-05 10:31:53,286: INFO : 1. time of loading data: Time count VinID Order: 0:00:00.099000
2019-11-05 10:31:53,661: INFO : 1. time of loading data: Time update transaction IP: 0:00:00.317996
2019-11-05 10:31:53,798: INFO : 1. time of loading data: Time Update these other (email, affpartner, affsource): 0:00:00.135997
2019-11-05 10:31:53,954: INFO : time execute date 20191017: 0:00:08.672857
2019-11-05 10:31:57,308: INFO : df201906 shape: (30551, 48)
2019-11-05 10:31:57,932: INFO : orderids_today length: 0
2019-11-05 10:31:57,933: INFO : 0. Time execution on load all orders in month: 0:00:03.977051, df201906 shape: (30551, 52)
2019-11-05 10:32:00,466: INFO : 1. time of loading data: Time summary Order: 0:00:02.531159
2019-11-05 10:32:00,852: INFO : 1. time of loading data: Time count IP Order: 0:00:02.917156
2019-11-05 10:32:01,086: INFO : 1. time of loading data: Time count Phone Order: 0:00:00.182999
2019-11-05 10:32:01,238: INFO : 1. time of loading data: Time count VinID Order: 0:00:00.099998
2019-11-05 10:32:01,601: INFO : 1. time of loading data: Time update transaction IP: 0:00:00.311996
2019-11-05 10:32:01,728: INFO : 1. time of loading data: Time Update these other (email, affpartner, affsource): 0:00:00.125999
2019-11-05 10:32:01,871: INFO : time execute date 20191018: 0:00:07.915198
2019-11-05 10:32:05,256: INFO : df201906 shape: (29471, 48)
2019-11-05 10:32:05,885: INFO : orderids_today length: 0
2019-11-05 10:32:05,886: INFO : 0. Time execution on load all orders in month: 0:00:04.014144, df201906 shape: (29471, 52)
2019-11-05 10:32:08,347: INFO : 1. time of loading data: Time summary Order: 0:00:02.460526
2019-11-05 10:32:08,715: INFO : 1. time of loading data: Time count IP Order: 0:00:02.828033
2019-11-05 10:32:08,930: INFO : 1. time of loading data: Time count Phone Order: 0:00:00.165520
2019-11-05 10:32:09,077: INFO : 1. time of loading data: Time count VinID Order: 0:00:00.094997
2019-11-05 10:32:09,430: INFO : 1. time of loading data: Time update transaction IP: 0:00:00.301054
2019-11-05 10:32:09,560: INFO : 1. time of loading data: Time Update these other (email, affpartner, affsource): 0:00:00.127999
2019-11-05 10:32:09,701: INFO : time execute date 20191019: 0:00:07.828750
2019-11-05 10:32:13,309: INFO : df201906 shape: (27504, 48)
2019-11-05 10:32:13,868: INFO : orderids_today length: 0
2019-11-05 10:32:13,870: INFO : 0. Time execution on load all orders in month: 0:00:04.168723, df201906 shape: (27504, 52)
2019-11-05 10:32:16,170: INFO : 1. time of loading data: Time summary Order: 0:00:02.298329
2019-11-05 10:32:16,549: INFO : 1. time of loading data: Time count IP Order: 0:00:02.677322
2019-11-05 10:32:16,769: INFO : 1. time of loading data: Time count Phone Order: 0:00:00.169001
2019-11-05 10:32:16,914: INFO : 1. time of loading data: Time count VinID Order: 0:00:00.094542
2019-11-05 10:32:17,243: INFO : 1. time of loading data: Time update transaction IP: 0:00:00.276998
2019-11-05 10:32:17,360: INFO : 1. time of loading data: Time Update these other (email, affpartner, affsource): 0:00:00.116374
2019-11-05 10:32:17,497: INFO : time execute date 20191020: 0:00:07.795959
2019-11-05 10:32:20,961: INFO : df201906 shape: (25972, 48)
2019-11-05 10:32:21,563: INFO : orderids_today length: 0
2019-11-05 10:32:21,565: INFO : 0. Time execution on load all orders in month: 0:00:04.066444, df201906 shape: (25972, 52)
2019-11-05 10:32:23,842: INFO : 1. time of loading data: Time summary Order: 0:00:02.272874
2019-11-05 10:32:24,213: INFO : 1. time of loading data: Time count IP Order: 0:00:02.643871
2019-11-05 10:32:24,430: INFO : 1. time of loading data: Time count Phone Order: 0:00:00.164095
2019-11-05 10:32:24,578: INFO : 1. time of loading data: Time count VinID Order: 0:00:00.090000
2019-11-05 10:32:24,910: INFO : 1. time of loading data: Time update transaction IP: 0:00:00.278996
2019-11-05 10:32:25,025: INFO : 1. time of loading data: Time Update these other (email, affpartner, affsource): 0:00:00.113999
2019-11-05 10:32:25,151: INFO : time execute date 20191021: 0:00:07.652402
2019-11-05 10:32:27,930: INFO : df201906 shape: (23881, 48)
2019-11-05 10:32:28,478: INFO : orderids_today length: 0
2019-11-05 10:32:28,481: INFO : 0. Time execution on load all orders in month: 0:00:03.328156, df201906 shape: (23881, 52)
2019-11-05 10:32:30,560: INFO : 1. time of loading data: Time summary Order: 0:00:02.077592
2019-11-05 10:32:30,933: INFO : 1. time of loading data: Time count IP Order: 0:00:02.450588
2019-11-05 10:32:31,145: INFO : 1. time of loading data: Time count Phone Order: 0:00:00.158056
2019-11-05 10:32:31,283: INFO : 1. time of loading data: Time count VinID Order: 0:00:00.085996
2019-11-05 10:32:31,676: INFO : 1. time of loading data: Time update transaction IP: 0:00:00.339997
2019-11-05 10:32:31,790: INFO : 1. time of loading data: Time Update these other (email, affpartner, affsource): 0:00:00.111997
2019-11-05 10:32:31,910: INFO : time execute date 20191022: 0:00:06.757337
2019-11-05 10:32:35,118: INFO : df201906 shape: (23646, 48)
2019-11-05 10:32:35,612: INFO : orderids_today length: 0
2019-11-05 10:32:35,613: INFO : 0. Time execution on load all orders in month: 0:00:03.701755, df201906 shape: (23646, 52)
2019-11-05 10:32:37,571: INFO : 1. time of loading data: Time summary Order: 0:00:01.955979
2019-11-05 10:32:37,912: INFO : 1. time of loading data: Time count IP Order: 0:00:02.296976
2019-11-05 10:32:38,110: INFO : 1. time of loading data: Time count Phone Order: 0:00:00.145996
2019-11-05 10:32:38,245: INFO : 1. time of loading data: Time count VinID Order: 0:00:00.084001
2019-11-05 10:32:38,590: INFO : 1. time of loading data: Time update transaction IP: 0:00:00.292996
2019-11-05 10:32:38,698: INFO : 1. time of loading data: Time Update these other (email, affpartner, affsource): 0:00:00.104999
2019-11-05 10:32:38,818: INFO : time execute date 20191023: 0:00:06.906725
2019-11-05 10:32:42,227: INFO : df201906 shape: (21983, 48)
2019-11-05 10:32:42,677: INFO : orderids_today length: 0
2019-11-05 10:32:42,679: INFO : 0. Time execution on load all orders in month: 0:00:03.859010, df201906 shape: (21983, 52)
2019-11-05 10:32:44,623: INFO : 1. time of loading data: Time summary Order: 0:00:01.941986
2019-11-05 10:32:44,960: INFO : 1. time of loading data: Time count IP Order: 0:00:02.278977
2019-11-05 10:32:45,149: INFO : 1. time of loading data: Time count Phone Order: 0:00:00.137995
2019-11-05 10:32:45,281: INFO : 1. time of loading data: Time count VinID Order: 0:00:00.082003
2019-11-05 10:32:45,609: INFO : 1. time of loading data: Time update transaction IP: 0:00:00.270994
2019-11-05 10:32:45,715: INFO : 1. time of loading data: Time Update these other (email, affpartner, affsource): 0:00:00.103998
2019-11-05 10:32:45,828: INFO : time execute date 20191024: 0:00:07.007981
2019-11-05 10:32:48,412: INFO : df201906 shape: (19898, 48)
2019-11-05 10:32:48,784: INFO : orderids_today length: 0
2019-11-05 10:32:48,785: INFO : 0. Time execution on load all orders in month: 0:00:02.955969, df201906 shape: (19898, 52)
2019-11-05 10:32:50,464: INFO : 1. time of loading data: Time summary Order: 0:00:01.677891
2019-11-05 10:32:50,738: INFO : 1. time of loading data: Time count IP Order: 0:00:01.951893
2019-11-05 10:32:50,920: INFO : 1. time of loading data: Time count Phone Order: 0:00:00.128998
2019-11-05 10:32:51,050: INFO : 1. time of loading data: Time count VinID Order: 0:00:00.077999
2019-11-05 10:32:51,329: INFO : 1. time of loading data: Time update transaction IP: 0:00:00.224998
2019-11-05 10:32:51,435: INFO : 1. time of loading data: Time Update these other (email, affpartner, affsource): 0:00:00.105001
2019-11-05 10:32:51,537: INFO : time execute date 20191025: 0:00:05.707857
2019-11-05 10:32:53,585: INFO : df201906 shape: (14929, 48)
2019-11-05 10:32:53,863: INFO : orderids_today length: 0
2019-11-05 10:32:53,865: INFO : 0. Time execution on load all orders in month: 0:00:02.326086, df201906 shape: (14929, 52)
2019-11-05 10:32:55,339: INFO : 1. time of loading data: Time summary Order: 0:00:01.472987
2019-11-05 10:32:55,604: INFO : 1. time of loading data: Time count IP Order: 0:00:01.737983
2019-11-05 10:32:55,783: INFO : 1. time of loading data: Time count Phone Order: 0:00:00.126997
2019-11-05 10:32:55,907: INFO : 1. time of loading data: Time count VinID Order: 0:00:00.069000
2019-11-05 10:32:56,170: INFO : 1. time of loading data: Time update transaction IP: 0:00:00.211997
2019-11-05 10:32:56,267: INFO : 1. time of loading data: Time Update these other (email, affpartner, affsource): 0:00:00.096000
2019-11-05 10:32:56,357: INFO : time execute date 20191026: 0:00:04.819064
2019-11-05 10:32:58,079: INFO : df201906 shape: (13800, 48)
2019-11-05 10:32:58,407: INFO : orderids_today length: 0
2019-11-05 10:32:58,409: INFO : 0. Time execution on load all orders in month: 0:00:02.050980, df201906 shape: (13800, 52)
2019-11-05 10:32:59,905: INFO : 1. time of loading data: Time summary Order: 0:00:01.494025
2019-11-05 10:33:00,169: INFO : 1. time of loading data: Time count IP Order: 0:00:01.759051
2019-11-05 10:33:00,335: INFO : 1. time of loading data: Time count Phone Order: 0:00:00.109997
2019-11-05 10:33:00,451: INFO : 1. time of loading data: Time count VinID Order: 0:00:00.065004
2019-11-05 10:33:00,696: INFO : 1. time of loading data: Time update transaction IP: 0:00:00.193002
2019-11-05 10:33:00,787: INFO : 1. time of loading data: Time Update these other (email, affpartner, affsource): 0:00:00.089998
2019-11-05 10:33:00,870: INFO : time execute date 20191027: 0:00:04.512542
2019-11-05 10:33:02,485: INFO : df201906 shape: (12320, 48)
2019-11-05 10:33:02,728: INFO : orderids_today length: 0
2019-11-05 10:33:02,729: INFO : 0. Time execution on load all orders in month: 0:00:01.856986, df201906 shape: (12320, 52)
2019-11-05 10:33:03,989: INFO : 1. time of loading data: Time summary Order: 0:00:01.258986
2019-11-05 10:33:04,235: INFO : 1. time of loading data: Time count IP Order: 0:00:01.504986
2019-11-05 10:33:04,391: INFO : 1. time of loading data: Time count Phone Order: 0:00:00.104998
2019-11-05 10:33:04,507: INFO : 1. time of loading data: Time count VinID Order: 0:00:00.065001
2019-11-05 10:33:04,749: INFO : 1. time of loading data: Time update transaction IP: 0:00:00.189000
2019-11-05 10:33:04,839: INFO : 1. time of loading data: Time Update these other (email, affpartner, affsource): 0:00:00.087996
2019-11-05 10:33:04,917: INFO : time execute date 20191028: 0:00:04.044963
2019-11-05 10:33:06,671: INFO : df201906 shape: (11673, 48)
2019-11-05 10:33:06,901: INFO : orderids_today length: 0
2019-11-05 10:33:06,902: INFO : 0. Time execution on load all orders in month: 0:00:01.982982, df201906 shape: (11673, 52)
2019-11-05 10:33:08,095: INFO : 1. time of loading data: Time summary Order: 0:00:01.192084
2019-11-05 10:33:08,343: INFO : 1. time of loading data: Time count IP Order: 0:00:01.440082
2019-11-05 10:33:08,498: INFO : 1. time of loading data: Time count Phone Order: 0:00:00.101997
2019-11-05 10:33:08,615: INFO : 1. time of loading data: Time count VinID Order: 0:00:00.063003
2019-11-05 10:33:08,846: INFO : 1. time of loading data: Time update transaction IP: 0:00:00.178999
2019-11-05 10:33:08,930: INFO : 1. time of loading data: Time Update these other (email, affpartner, affsource): 0:00:00.082998
2019-11-05 10:33:09,006: INFO : time execute date 20191029: 0:00:04.087059
2019-11-05 10:33:10,709: INFO : df201906 shape: (11241, 48)
2019-11-05 10:33:10,920: INFO : orderids_today length: 0
2019-11-05 10:33:10,922: INFO : 0. Time execution on load all orders in month: 0:00:01.913837, df201906 shape: (11241, 52)
2019-11-05 10:33:12,049: INFO : 1. time of loading data: Time summary Order: 0:00:01.125991
2019-11-05 10:33:12,292: INFO : 1. time of loading data: Time count IP Order: 0:00:01.368989
2019-11-05 10:33:12,441: INFO : 1. time of loading data: Time count Phone Order: 0:00:00.098000
2019-11-05 10:33:12,554: INFO : 1. time of loading data: Time count VinID Order: 0:00:00.059999
2019-11-05 10:33:12,789: INFO : 1. time of loading data: Time update transaction IP: 0:00:00.180000
2019-11-05 10:33:12,873: INFO : 1. time of loading data: Time Update these other (email, affpartner, affsource): 0:00:00.083001
2019-11-05 10:33:12,947: INFO : time execute date 20191030: 0:00:03.938816
2019-11-05 10:33:14,978: INFO : df201906 shape: (10553, 48)
2019-11-05 10:33:15,184: INFO : orderids_today length: 0
2019-11-05 10:33:15,185: INFO : 0. Time execution on load all orders in month: 0:00:02.236009, df201906 shape: (10553, 52)
2019-11-05 10:33:16,237: INFO : 1. time of loading data: Time summary Order: 0:00:01.049742
2019-11-05 10:33:16,476: INFO : 1. time of loading data: Time count IP Order: 0:00:01.288740
2019-11-05 10:33:16,625: INFO : 1. time of loading data: Time count Phone Order: 0:00:00.097001
2019-11-05 10:33:16,735: INFO : 1. time of loading data: Time count VinID Order: 0:00:00.056998
2019-11-05 10:33:16,959: INFO : 1. time of loading data: Time update transaction IP: 0:00:00.171998
2019-11-05 10:33:17,045: INFO : 1. time of loading data: Time Update these other (email, affpartner, affsource): 0:00:00.085002
2019-11-05 10:33:17,113: INFO : time execute date 20191031: 0:00:04.163742
2019-11-05 10:33:18,680: INFO : df201906 shape: (9572, 48)
2019-11-05 10:33:18,863: INFO : orderids_today length: 0
2019-11-05 10:33:18,864: INFO : 0. Time execution on load all orders in month: 0:00:01.749423, df201906 shape: (9572, 52)
2019-11-05 10:33:19,809: INFO : 1. time of loading data: Time summary Order: 0:00:00.942991
2019-11-05 10:33:20,035: INFO : 1. time of loading data: Time count IP Order: 0:00:01.168989
2019-11-05 10:33:20,173: INFO : 1. time of loading data: Time count Phone Order: 0:00:00.086999
2019-11-05 10:33:20,280: INFO : 1. time of loading data: Time count VinID Order: 0:00:00.054998
2019-11-05 10:33:20,497: INFO : 1. time of loading data: Time update transaction IP: 0:00:00.164998
2019-11-05 10:33:20,582: INFO : 1. time of loading data: Time Update these other (email, affpartner, affsource): 0:00:00.083002
2019-11-05 10:33:20,648: INFO : time execute date 20191101: 0:00:03.533406
2019-11-05 10:33:22,565: INFO : df201906 shape: (8651, 48)
2019-11-05 10:33:22,727: INFO : orderids_today length: 0
2019-11-05 10:33:22,729: INFO : 0. Time execution on load all orders in month: 0:00:02.080035, df201906 shape: (8651, 52)
2019-11-05 10:33:23,611: INFO : 1. time of loading data: Time summary Order: 0:00:00.880989
2019-11-05 10:33:23,832: INFO : 1. time of loading data: Time count IP Order: 0:00:01.101987
2019-11-05 10:33:23,968: INFO : 1. time of loading data: Time count Phone Order: 0:00:00.084999
2019-11-05 10:33:24,074: INFO : 1. time of loading data: Time count VinID Order: 0:00:00.053999
2019-11-05 10:33:24,305: INFO : 1. time of loading data: Time update transaction IP: 0:00:00.179997
2019-11-05 10:33:24,388: INFO : 1. time of loading data: Time Update these other (email, affpartner, affsource): 0:00:00.079999
2019-11-05 10:33:24,451: INFO : time execute date 20191102: 0:00:03.801017
2019-11-05 10:33:25,535: INFO : df201906 shape: (7426, 48)
2019-11-05 10:33:25,684: INFO : orderids_today length: 0
2019-11-05 10:33:25,686: INFO : 0. Time execution on load all orders in month: 0:00:01.233988, df201906 shape: (7426, 52)
2019-11-05 10:33:26,481: INFO : 1. time of loading data: Time summary Order: 0:00:00.793993
2019-11-05 10:33:26,733: INFO : 1. time of loading data: Time count IP Order: 0:00:01.045993
2019-11-05 10:33:26,864: INFO : 1. time of loading data: Time count Phone Order: 0:00:00.080001
2019-11-05 10:33:26,967: INFO : 1. time of loading data: Time count VinID Order: 0:00:00.052001
2019-11-05 10:33:27,169: INFO : 1. time of loading data: Time update transaction IP: 0:00:00.149001
2019-11-05 10:33:27,253: INFO : 1. time of loading data: Time Update these other (email, affpartner, affsource): 0:00:00.081515
2019-11-05 10:33:27,313: INFO : time execute date 20191103: 0:00:02.860486
2019-11-05 10:33:28,301: INFO : df201906 shape: (6147, 48)
2019-11-05 10:33:28,419: INFO : orderids_today length: 0
2019-11-05 10:33:28,420: INFO : 0. Time execution on load all orders in month: 0:00:01.105340, df201906 shape: (6147, 52)
2019-11-05 10:33:29,111: INFO : 1. time of loading data: Time summary Order: 0:00:00.688994
2019-11-05 10:33:29,313: INFO : 1. time of loading data: Time count IP Order: 0:00:00.890992
2019-11-05 10:33:29,436: INFO : 1. time of loading data: Time count Phone Order: 0:00:00.071999
2019-11-05 10:33:29,535: INFO : 1. time of loading data: Time count VinID Order: 0:00:00.045995
2019-11-05 10:33:29,725: INFO : 1. time of loading data: Time update transaction IP: 0:00:00.138128
2019-11-05 10:33:29,801: INFO : 1. time of loading data: Time Update these other (email, affpartner, affsource): 0:00:00.075000
2019-11-05 10:33:29,850: INFO : time execute date 20191104: 0:00:02.535455
2019-11-05 10:33:30,737: INFO : df201906 shape: (5592, 48)
2019-11-05 10:33:30,842: INFO : orderids_today length: 0
2019-11-05 10:33:30,843: INFO : 0. Time execution on load all orders in month: 0:00:00.991041, df201906 shape: (5592, 52)
2019-11-05 10:33:31,494: INFO : 1. time of loading data: Time summary Order: 0:00:00.648989
2019-11-05 10:33:31,693: INFO : 1. time of loading data: Time count IP Order: 0:00:00.847988
2019-11-05 10:33:31,824: INFO : 1. time of loading data: Time count Phone Order: 0:00:00.067001
2019-11-05 10:33:31,921: INFO : 1. time of loading data: Time count VinID Order: 0:00:00.045000
2019-11-05 10:33:32,106: INFO : 1. time of loading data: Time update transaction IP: 0:00:00.132999
2019-11-05 10:33:32,185: INFO : 1. time of loading data: Time Update these other (email, affpartner, affsource): 0:00:00.078004
2019-11-05 10:33:32,232: INFO : time execute date 20191105: 0:00:02.380029
2019-11-05 10:33:32,234: INFO : time execute whole time: 0:04:56.417891
2019-11-05 10:33:33,005: INFO : fold time: 1; train score: 0.9983193277310924; valid score: 1.0
2019-11-05 10:33:33,109: INFO : fold time: 2; train score: 1.0; valid score: 1.0000000000000004
2019-11-05 10:33:33,178: INFO : fold time: 3; train score: 1.0; valid score: 0.9999999999999992
2019-11-05 10:33:33,245: INFO : fold time: 4; train score: 1.0; valid score: 1.000000000000001
2019-11-05 10:33:33,311: INFO : fold time: 5; train score: 1.0; valid score: 1.0
2019-11-05 10:37:22,374: INFO : order_id: 9113695500
2019-11-05 10:37:22,376: INFO : phone: 0979766317
2019-11-05 10:37:22,377: INFO : ip: 10.221.45.22
2019-11-05 10:37:22,379: INFO : acc: 8888101256116338
2019-11-05 10:37:22,380: INFO : 1. time of loading data: SQL select IP, PHONE, VINACC from ORDER_CODE: 0:00:00.260999
2019-11-05 10:37:22,781: INFO : 1. time of loading data: query past 30 days by conditions PHONE, IP, VINACC: 0:00:00.400176, df201906 shape: (661, 47)
2019-11-05 10:37:22,799: INFO : 1. time of loading data: processing data step 1 past 30 days by conditions PHONE, IP, VINACC: 0:00:00.016000, df201906 shape: (661, 51)
2019-11-05 10:37:37,300: INFO : 1. time of loading data: SQL select today ORDER_ID: 0:00:14.498386
2019-11-05 10:37:37,359: INFO : 1. time of loading data: shape of concatenate dfNewData and df201906: (670, 51)
2019-11-05 10:37:37,361: INFO : 1. time of loading data: time concatenate today order with 30 days history: 0:00:00.060000
2019-11-05 10:37:37,383: INFO : 1. time of loading data: Time summary Order: 0:00:00.020000
2019-11-05 10:37:37,500: INFO : 1. time of loading data: Time count IP Order: 0:00:00.136998
2019-11-05 10:37:37,567: INFO : 1. time of loading data: Time count Phone Order: 0:00:00.015999
2019-11-05 10:37:37,634: INFO : 1. time of loading data: Time count VinID Order: 0:00:00.015000
2019-11-05 10:37:37,769: INFO : 1. time of loading data: Time update transaction IP: 0:00:00.084000
2019-11-05 10:37:37,783: INFO : 1. time of loading data: Time Update these other (email, affpartner, affsource): 0:00:00.013000
2019-11-05 10:37:37,811: INFO : final_features_fn folder name: persistentvolume/datas/final_features_201910.pkl
2019-11-05 10:37:37,812: INFO : final_features columns of dfTrainSelFullCol201906_dummy: ['AFF_COMMISSION', 'AFF_COMMISSION_FEE', 'AFF_EST_COST', 'AFF_PARTNERNAME_0.0', 'AFF_PARTNERNAME_AccessTrade', 'AFF_PARTNERNAME_B2B Vinmec', 'AFF_PARTNERNAME_Criteo', 'AFF_PARTNERNAME_Ecomobi', 'AFF_PARTNERNAME_HasOffer', 'AFF_PARTNERNAME_MasOffer', 'DISCOUNT_AMOUNT', 'IP_N_CODE2_MAIN', 'IP_N_CODE5_MAIN', 'IP_N_EMAIL_ACCOUNT', 'IP_N_OFFER_CODE', 'IP_N_ORDER_VINACCOUNT', 'IP_N_PHONE', 'IP_N_WARD', 'IP_STD_TIMEUTC', 'IP_SUSPECT_30_10', 'IP_SUSPECT_30_2', 'IP_SUSPECT_30_20', 'IP_SUSPECT_30_5', 'IP_SUSPECT_WEEK', 'IP_SUSPECT_WEEK0', 'IP_SUSPECT_WEEK1', 'IP_SUSPECT_WEEK2', 'IP_SUSPECT_WEEK3', 'IP_SUSPECT_WEEK_NUM', 'IS_ADR_EMAIL_ACCOUNT', 'IS_AFF_USE', 'IS_MATCH_EMAIL', 'IS_VINID_MATCH', 'N_CODE2_MAIN', 'N_CODE5_MAIN', 'N_OFFER_CODE', 'OFFER_FINAL_PRICE', 'OFFER_PRICE', 'ORDER_VINACC_N_CODE2_MAIN', 'ORDER_VINACC_N_CODE5_MAIN', 'ORDER_VINACC_N_EMAIL_ACCOUNT', 'ORDER_VINACC_N_IP_ADDRESS', 'ORDER_VINACC_N_OFFER_CODE', 'ORDER_VINACC_N_PHONE', 'ORDER_VINACC_N_WARD', 'ORDER_VINACC_STD_TIMEUTC', 'PAYMENTMODES_GROUP_0.0', 'PAYMENTMODES_GROUP_ADR_PLC', 'PAYMENTMODES_GROUP_BANK_TRANSFER', 'PAYMENTMODES_GROUP_COD', 'PAYMENTMODES_GROUP_DISCOUNT', 'PAYMENTMODES_GROUP_DiscountEVoucher', 'PAYMENTMODES_GROUP_DiscountMoca', 'PAYMENTMODES_GROUP_EWALLET', 'PAYMENTMODES_GROUP_EXCHANGE', 'PAYMENTMODES_GROUP_GiftCode', 'PAYMENTMODES_GROUP_INSTALLMENT_ANZ', 'PAYMENTMODES_GROUP_INSTALLMENT_TCB', 'PAYMENTMODES_GROUP_INSTALLMENT_VIB', 'PAYMENTMODES_GROUP_INVOICE', 'PAYMENTMODES_GROUP_MAYBAY_DISCOUNT', 'PAYMENTMODES_GROUP_MOCA', 'PAYMENTMODES_GROUP_MOMO_DISCOUNT', 'PAYMENTMODES_GROUP_NAPAS', 'PAYMENTMODES_GROUP_ONEPAY', 'PAYMENTMODES_GROUP_Onepay2DQRcode', 'PAYMENTMODES_GROUP_TRA_GOP', 'PAYMENTMODES_GROUP_TragopHSBC', 'PAYMENTMODES_GROUP_TragopVIB', 'PAYMENTMODES_GROUP_Tragop_ShinhanBank', 'PAYMENTMODES_GROUP_VPBANK_DISCOUNT', 'PAYMENTMODES_GROUP_VinID', 'PAYMENTMODES_GROUP_WEBVIEW_MOMO_NEW', 'PAYMENTSTATUS_FAILED', 'PAYMENTSTATUS_MAKING_PAYMENT', 'PAYMENTSTATUS_NOTPAID', 'PAYMENTSTATUS_PAID', 'PAYMENTSTATUS_PARTPAID', 'PAYMENTSTATUS_WAITING_FOR_EXCHANGE', 'PAYMENTSTATUS_WAITING_FOR_PLC_CONFIRMATION', 'PAYMENTSTATUS_WAITING_FOR_TRANSFER_CONFIRMATION', 'PHONE_N_CODE2_MAIN', 'PHONE_N_CODE5_MAIN', 'PHONE_N_EMAIL_ACCOUNT', 'PHONE_N_IP_ADDRESS', 'PHONE_N_OFFER_CODE', 'PHONE_N_ORDER_VINACCOUNT', 'PHONE_N_WARD', 'PHONE_STD_TIMEUTC', 'P_QUANTITY', 'P_SUBTOTAL', 'P_TOTALORDERAMOUNT', 'P_TOTALPRICE', 'SALES_APPLICATION_0.0', 'SALES_APPLICATION_Web', 'SALES_APPLICATION_WebMobile', 'SALES_APPLICATION_mobile_android', 'SALES_APPLICATION_mobile_ios', 'SALES_APPLICATION_pwa', 'SALES_APPLICATION_webpwa', 'SALES_APPLICATION_webview_client', 'ORDER_CODE']
2019-11-05 10:37:37,887: INFO : 1. time of loading data: Time get_dummy and create X input: 0:00:00.101998
2019-11-05 10:37:37,889: INFO : 1. time of loading data: 0:00:15.770553
2019-11-05 10:37:37,914: INFO : 2. time of loading model: 0:00:00.024000
2019-11-05 10:37:37,929: INFO : Filename is not existed!
2019-11-05 10:37:37,930: INFO : X.shape: (1, 101)
2019-11-05 10:37:37,931: INFO : df_corr.shape: (101, 1)
2019-11-05 10:37:38,025: INFO : 3. time of prediction: 0:00:00.108998
2019-11-05 10:38:24,220: INFO : Check filename is existed!
